app/build/intermediates/manifest_merge_blame_file/debug/manifest-merger-blame-debug-report.txt
1<?xml version="1.0" encoding="utf-8"?>
2<manifest xmlns:android="http://schemas.android.com/apk/res/android"
3    package="com.example.dnschangervpn"
4    android:versionCode="1"
5    android:versionName="1.0" >
6
7    <uses-sdk
8        android:minSdkVersion="28"
8-->src\main\AndroidManifest.xml
9        android:targetSdkVersion="30" />
9-->src\main\AndroidManifest.xml
10
11    <uses-permission android:name="android.permission.ACCESS_FINE_LOCATION" />
11-->src\main\AndroidManifest.xml:4:5-79
11-->src\main\AndroidManifest.xml:4:22-76
12    <uses-permission android:name="android.permission.INTERNET" />
12-->src\main\AndroidManifest.xml:5:5-67
12-->src\main\AndroidManifest.xml:5:22-64
13    <uses-permission android:name="android.permission.ACCESS_NETWORK_STATE" />
13-->src\main\AndroidManifest.xml:6:5-79
13-->src\main\AndroidManifest.xml:6:22-76
14    <uses-permission android:name="android.permission.ACCESS_WIFI_STATE" />
14-->src\main\AndroidManifest.xml:7:5-75
14-->src\main\AndroidManifest.xml:7:22-73
15    <uses-permission android:name="android.permission.ACCESS_WIFI_STATE" />
15-->src\main\AndroidManifest.xml:7:5-75
15-->src\main\AndroidManifest.xml:7:22-73
16    <uses-permission android:name="android.permission.ACCESS_NETWORK_STATE" />
16-->src\main\AndroidManifest.xml:6:5-79
16-->src\main\AndroidManifest.xml:6:22-76
17    <uses-permission android:name="android.permission.CHANGE_WIFI_STATE" />
17-->src\main\AndroidManifest.xml:10:5-76
17-->src\main\AndroidManifest.xml:10:22-73
18    <uses-permission android:name="android.permission.INTERNET" />
18-->src\main\AndroidManifest.xml:5:5-67
18-->src\main\AndroidManifest.xml:5:22-64
19
20    <application
20-->src\main\AndroidManifest.xml:12:5-31:19
21        android:allowBackup="true"
21-->src\main\AndroidManifest.xml:13:9-35
22        android:appComponentFactory="androidx.core.app.CoreComponentFactory"
22-->[androidx.core:core:1.5.0] AndroidManifest.xml:24:18-86
23        android:debuggable="true"
24        android:extractNativeLibs="false"
25        android:icon="@mipmap/ic_launcher"
25-->src\main\AndroidManifest.xml:14:9-43
26        android:label="@string/app_name"
26-->src\main\AndroidManifest.xml:15:9-41
27        android:roundIcon="@mipmap/ic_launcher_round"
27-->src\main\AndroidManifest.xml:16:9-54
28        android:supportsRtl="true"
28-->src\main\AndroidManifest.xml:17:9-35
29        android:testOnly="true"
30        android:theme="@style/Theme.DnsChangerVpn" >
30-->src\main\AndroidManifest.xml:18:9-51
31        <activity android:name="com.example.dnschangervpn.MainActivity" >
31-->src\main\AndroidManifest.xml:19:5-25:16
31-->src\main\AndroidManifest.xml:19:15-43
32            <intent-filter>
32-->src\main\AndroidManifest.xml:20:9-24:25
33                <action android:name="android.intent.action.MAIN" />
33-->src\main\AndroidManifest.xml:21:13-65
33-->src\main\AndroidManifest.xml:21:21-62
34
35                <category android:name="android.intent.category.LAUNCHER" />
35-->src\main\AndroidManifest.xml:23:13-73
35-->src\main\AndroidManifest.xml:23:23-70
36            </intent-filter>
37        </activity>
38
39        <service
39-->src\main\AndroidManifest.xml:26:9-30:16
40            android:name="com.example.dnschangervpn.MyVpnService"
40-->src\main\AndroidManifest.xml:27:13-41
41            android:permission="android.permission.BIND_VPN_SERVICE"
41-->src\main\AndroidManifest.xml:28:13-69
42            android:stopWithTask="true" />
42-->src\main\AndroidManifest.xml:29:13-40
43    </application>
44
45</manifest>